<?xml version="1.0" encoding="UTF-8"?>
<testng-results ignored="0" total="3" passed="3" failed="0" skipped="0">
  <reporter-output>
  </reporter-output>
  <suite started-at="2022-06-08T06:26:01 WAT" name="Default Suite" finished-at="2022-06-08T06:26:02 WAT" duration-ms="73">
    <groups>
    </groups>
    <test started-at="2022-06-08T06:26:01 WAT" name="seleniumBlog" finished-at="2022-06-08T06:26:02 WAT" duration-ms="73">
      <class name="TestCase">
        <test-method signature="setup()[pri:1, instance:TestCase@47d90b9e]" started-at="2022-06-08T06:26:02 WAT" name="setup" finished-at="2022-06-08T06:26:02 WAT" duration-ms="7" status="PASS">
          <reporter-output>
          </reporter-output>
        </test-method> <!-- setup -->
        <test-method signature="begin()[pri:2, instance:TestCase@47d90b9e]" started-at="2022-06-08T06:26:02 WAT" name="begin" finished-at="2022-06-08T06:26:02 WAT" duration-ms="0" status="PASS">
          <reporter-output>
          </reporter-output>
        </test-method> <!-- begin -->
        <test-method signature="end()[pri:3, instance:TestCase@47d90b9e]" started-at="2022-06-08T06:26:02 WAT" name="end" finished-at="2022-06-08T06:26:02 WAT" duration-ms="2" status="PASS">
          <reporter-output>
          </reporter-output>
        </test-method> <!-- end -->
      </class> <!-- TestCase -->
    </test> <!-- seleniumBlog -->
  </suite> <!-- Default Suite -->
</testng-results>
